running egg_info
creating ../../build/line_navigation/line_navigation.egg-info
writing ../../build/line_navigation/line_navigation.egg-info/PKG-INFO
writing dependency_links to ../../build/line_navigation/line_navigation.egg-info/dependency_links.txt
writing entry points to ../../build/line_navigation/line_navigation.egg-info/entry_points.txt
writing requirements to ../../build/line_navigation/line_navigation.egg-info/requires.txt
writing top-level names to ../../build/line_navigation/line_navigation.egg-info/top_level.txt
writing manifest file '../../build/line_navigation/line_navigation.egg-info/SOURCES.txt'
reading manifest file '../../build/line_navigation/line_navigation.egg-info/SOURCES.txt'
writing manifest file '../../build/line_navigation/line_navigation.egg-info/SOURCES.txt'
running build
running build_py
creating /home/user/ros2_ws/build/line_navigation/build
creating /home/user/ros2_ws/build/line_navigation/build/lib
creating /home/user/ros2_ws/build/line_navigation/build/lib/line_navigation
copying line_navigation/__init__.py -> /home/user/ros2_ws/build/line_navigation/build/lib/line_navigation
copying line_navigation/line_navigation.py -> /home/user/ros2_ws/build/line_navigation/build/lib/line_navigation
running install
/usr/lib/python3/dist-packages/setuptools/command/install.py:34: SetuptoolsDeprecationWarning: setup.py install is deprecated. Use build and pip and other standards-based tools.
  warnings.warn(
running install_lib
creating /home/user/ros2_ws/install/line_navigation/lib/python3.10/site-packages/line_navigation
copying /home/user/ros2_ws/build/line_navigation/build/lib/line_navigation/__init__.py -> /home/user/ros2_ws/install/line_navigation/lib/python3.10/site-packages/line_navigation
copying /home/user/ros2_ws/build/line_navigation/build/lib/line_navigation/line_navigation.py -> /home/user/ros2_ws/install/line_navigation/lib/python3.10/site-packages/line_navigation
byte-compiling /home/user/ros2_ws/install/line_navigation/lib/python3.10/site-packages/line_navigation/__init__.py to __init__.cpython-310.pyc
byte-compiling /home/user/ros2_ws/install/line_navigation/lib/python3.10/site-packages/line_navigation/line_navigation.py to line_navigation.cpython-310.pyc
running install_data
creating /home/user/ros2_ws/install/line_navigation/share/ament_index
creating /home/user/ros2_ws/install/line_navigation/share/ament_index/resource_index
creating /home/user/ros2_ws/install/line_navigation/share/ament_index/resource_index/packages
copying resource/line_navigation -> /home/user/ros2_ws/install/line_navigation/share/ament_index/resource_index/packages
copying package.xml -> /home/user/ros2_ws/install/line_navigation/share/line_navigation
running install_egg_info
Copying ../../build/line_navigation/line_navigation.egg-info to /home/user/ros2_ws/install/line_navigation/lib/python3.10/site-packages/line_navigation-0.0.0-py3.10.egg-info
running install_scripts
Installing line_navigation_node script to /home/user/ros2_ws/install/line_navigation/lib/line_navigation
writing list of installed files to '/home/user/ros2_ws/build/line_navigation/install.log'
