[3.502s] Invoking command in '/home/user/ros2_ws/src/line_navigation': PYTHONPATH=/home/user/ros2_ws/build/line_navigation/prefix_override:/home/user/ros2_ws/install/line_navigation/lib/python3.10/site-packages:${PYTHONPATH} _=/usr/bin/env /usr/bin/python3 setup.py egg_info --egg-base ../../build/line_navigation build --build-base /home/user/ros2_ws/build/line_navigation/build install --record /home/user/ros2_ws/build/line_navigation/install.log --single-version-externally-managed
[4.888s] running egg_info
[4.889s] creating ../../build/line_navigation/line_navigation.egg-info
[4.890s] writing ../../build/line_navigation/line_navigation.egg-info/PKG-INFO
[4.891s] writing dependency_links to ../../build/line_navigation/line_navigation.egg-info/dependency_links.txt
[4.891s] writing entry points to ../../build/line_navigation/line_navigation.egg-info/entry_points.txt
[4.891s] writing requirements to ../../build/line_navigation/line_navigation.egg-info/requires.txt
[4.891s] writing top-level names to ../../build/line_navigation/line_navigation.egg-info/top_level.txt
[4.891s] writing manifest file '../../build/line_navigation/line_navigation.egg-info/SOURCES.txt'
[4.893s] reading manifest file '../../build/line_navigation/line_navigation.egg-info/SOURCES.txt'
[4.895s] writing manifest file '../../build/line_navigation/line_navigation.egg-info/SOURCES.txt'
[4.897s] running build
[4.897s] running build_py
[4.898s] creating /home/user/ros2_ws/build/line_navigation/build
[4.898s] creating /home/user/ros2_ws/build/line_navigation/build/lib
[4.898s] creating /home/user/ros2_ws/build/line_navigation/build/lib/line_navigation
[4.898s] copying line_navigation/__init__.py -> /home/user/ros2_ws/build/line_navigation/build/lib/line_navigation
[4.898s] copying line_navigation/line_navigation.py -> /home/user/ros2_ws/build/line_navigation/build/lib/line_navigation
[4.898s] running install
[4.898s] /usr/lib/python3/dist-packages/setuptools/command/install.py:34: SetuptoolsDeprecationWarning: setup.py install is deprecated. Use build and pip and other standards-based tools.
[4.899s]   warnings.warn(
[4.899s] running install_lib
[4.900s] creating /home/user/ros2_ws/install/line_navigation/lib/python3.10/site-packages/line_navigation
[4.900s] copying /home/user/ros2_ws/build/line_navigation/build/lib/line_navigation/__init__.py -> /home/user/ros2_ws/install/line_navigation/lib/python3.10/site-packages/line_navigation
[4.900s] copying /home/user/ros2_ws/build/line_navigation/build/lib/line_navigation/line_navigation.py -> /home/user/ros2_ws/install/line_navigation/lib/python3.10/site-packages/line_navigation
[4.902s] byte-compiling /home/user/ros2_ws/install/line_navigation/lib/python3.10/site-packages/line_navigation/__init__.py to __init__.cpython-310.pyc
[4.902s] byte-compiling /home/user/ros2_ws/install/line_navigation/lib/python3.10/site-packages/line_navigation/line_navigation.py to line_navigation.cpython-310.pyc
[4.903s] running install_data
[4.905s] creating /home/user/ros2_ws/install/line_navigation/share/ament_index
[4.905s] creating /home/user/ros2_ws/install/line_navigation/share/ament_index/resource_index
[4.905s] creating /home/user/ros2_ws/install/line_navigation/share/ament_index/resource_index/packages
[4.905s] copying resource/line_navigation -> /home/user/ros2_ws/install/line_navigation/share/ament_index/resource_index/packages
[4.906s] copying package.xml -> /home/user/ros2_ws/install/line_navigation/share/line_navigation
[4.910s] running install_egg_info
[4.910s] Copying ../../build/line_navigation/line_navigation.egg-info to /home/user/ros2_ws/install/line_navigation/lib/python3.10/site-packages/line_navigation-0.0.0-py3.10.egg-info
[4.910s] running install_scripts
[5.004s] Installing line_navigation_node script to /home/user/ros2_ws/install/line_navigation/lib/line_navigation
[5.005s] writing list of installed files to '/home/user/ros2_ws/build/line_navigation/install.log'
[5.180s] Invoked command in '/home/user/ros2_ws/src/line_navigation' returned '0': PYTHONPATH=/home/user/ros2_ws/build/line_navigation/prefix_override:/home/user/ros2_ws/install/line_navigation/lib/python3.10/site-packages:${PYTHONPATH} _=/usr/bin/env /usr/bin/python3 setup.py egg_info --egg-base ../../build/line_navigation build --build-base /home/user/ros2_ws/build/line_navigation/build install --record /home/user/ros2_ws/build/line_navigation/install.log --single-version-externally-managed
