[0.000000] (-) TimerEvent: {}
[0.000804] (line_navigation) JobQueued: {'identifier': 'line_navigation', 'dependencies': OrderedDict()}
[0.001804] (line_navigation) JobStarted: {'identifier': 'line_navigation'}
[0.107146] (-) TimerEvent: {}
[0.207503] (-) TimerEvent: {}
[0.308370] (-) TimerEvent: {}
[0.408779] (-) TimerEvent: {}
[0.509131] (-) TimerEvent: {}
[0.612247] (-) TimerEvent: {}
[0.712569] (-) TimerEvent: {}
[0.812947] (-) TimerEvent: {}
[0.913307] (-) TimerEvent: {}
[1.013632] (-) TimerEvent: {}
[1.114010] (-) TimerEvent: {}
[1.217017] (-) TimerEvent: {}
[1.317401] (-) TimerEvent: {}
[1.417770] (-) TimerEvent: {}
[1.520249] (-) TimerEvent: {}
[1.620614] (-) TimerEvent: {}
[1.721448] (-) TimerEvent: {}
[1.821811] (-) TimerEvent: {}
[1.922145] (-) TimerEvent: {}
[2.022553] (-) TimerEvent: {}
[2.124241] (-) TimerEvent: {}
[2.224584] (-) TimerEvent: {}
[2.324975] (-) TimerEvent: {}
[2.425323] (-) TimerEvent: {}
[2.525741] (-) TimerEvent: {}
[2.626105] (-) TimerEvent: {}
[2.726472] (-) TimerEvent: {}
[2.827063] (-) TimerEvent: {}
[2.838362] (line_navigation) StderrLine: {'line': b'Traceback (most recent call last):\n  File "/usr/lib/python3/dist-packages/colcon_core/executor/__init__.py", line 91, in __call__\n    rc = await self.task(*args, **kwargs)\n  File "/usr/lib/python3/dist-packages/colcon_core/task/__init__.py", line 93, in __call__\n    return await task_method(*args, **kwargs)\n  File "/usr/lib/python3/dist-packages/colcon_ros/task/ament_python/build.py", line 51, in build\n    setup_py_data = get_setup_data(self.context.pkg, env)\n  File "/usr/lib/python3/dist-packages/colcon_core/task/python/__init__.py", line 20, in get_setup_data\n    return dict(pkg.metadata[key](env))\n  File "/usr/lib/python3/dist-packages/colcon_ros/package_augmentation/ros_ament_python.py", line 57, in getter\n    return get_setup_information(\n  File "/usr/lib/python3/dist-packages/colcon_python_setup_py/package_identification/python_setup_py.py", line 241, in get_setup_information\n    _setup_information_cache[hashable_env] = _get_setup_information(\n  File "/usr/lib/python3/dist-packages/colcon_python_setup_py/package_identification/python_setup_py.py", line 288, in _get_setup_information\n    result = subprocess.run(\n  File "/usr/lib/python3.10/subprocess.py", line 524, in run\n    raise CalledProcessError(retcode, process.args,\nsubprocess.CalledProcessError: Command \'[\'/usr/bin/python3\', \'-c\', \'import sys;from contextlib import suppress;exec("with suppress(ImportError):    from setuptools.extern.packaging.specifiers    import SpecifierSet");exec("with suppress(ImportError):    from packaging.specifiers import SpecifierSet");from distutils.core import run_setup;dist = run_setup(    \\\'setup.py\\\', script_args=(\\\'--dry-run\\\',), stop_after=\\\'config\\\');skip_keys = (\\\'cmdclass\\\', \\\'distclass\\\', \\\'ext_modules\\\', \\\'metadata\\\');data = {    key: value for key, value in dist.__dict__.items()     if (        not key.startswith(\\\'_\\\') and         not callable(value) and         key not in skip_keys and         key not in dist.display_option_names    )};data[\\\'metadata\\\'] = {    k: v for k, v in dist.metadata.__dict__.items()     if k not in (\\\'license_files\\\', \\\'provides_extras\\\')};sys.stdout.buffer.write(repr(data).encode(\\\'utf-8\\\'))\']\' returned non-zero exit status 1.\n'}
[2.839146] (line_navigation) JobEnded: {'identifier': 'line_navigation', 'rc': 1}
[2.899723] (-) EventReactorShutdown: {}
