[2.035s] DEBUG:colcon:Command line arguments: ['/usr/bin/colcon', 'build', '--packages-select', 'line_navigation']
[2.035s] DEBUG:colcon:Parsed command line arguments: Namespace(log_base=None, log_level=None, verb_name='build', build_base='build', install_base='install', merge_install=False, symlink_install=False, test_result_base=None, continue_on_error=False, executor='parallel', parallel_workers=8, event_handlers=None, ignore_user_meta=False, metas=['./colcon.meta'], base_paths=['.'], packages_ignore=None, packages_ignore_regex=None, paths=None, packages_up_to=None, packages_up_to_regex=None, packages_above=None, packages_above_and_dependencies=None, packages_above_depth=None, packages_select_by_dep=None, packages_skip_by_dep=None, packages_skip_up_to=None, packages_select_build_failed=False, packages_skip_build_finished=False, packages_select_test_failures=False, packages_skip_test_passed=False, packages_select=['line_navigation'], packages_skip=None, packages_select_regex=None, packages_skip_regex=None, packages_start=None, packages_end=None, lookup_in_workspace=False, cargo_args=None, clean_build=False, cmake_args=None, cmake_target=None, cmake_target_skip_unavailable=False, cmake_clean_cache=False, cmake_clean_first=False, cmake_force_configure=False, ament_cmake_args=None, catkin_cmake_args=None, catkin_skip_building_tests=False, mixin_files=None, mixin=None, verb_parser=<colcon_mixin.mixin.mixin_argument.MixinArgumentDecorator object at 0x7fcd526c14b0>, verb_extension=<colcon_core.verb.build.BuildVerb object at 0x7fcd52ff3610>, main=<bound method BuildVerb.main of <colcon_core.verb.build.BuildVerb object at 0x7fcd52ff3610>>, mixin_verb=('build',))
[2.199s] Level 1:colcon.colcon_core.package_discovery:discover_packages(colcon_meta) check parameters
[2.200s] Level 1:colcon.colcon_core.package_discovery:discover_packages(recursive) check parameters
[2.200s] Level 1:colcon.colcon_core.package_discovery:discover_packages(ignore) check parameters
[2.200s] Level 1:colcon.colcon_core.package_discovery:discover_packages(path) check parameters
[2.200s] Level 1:colcon.colcon_core.package_discovery:discover_packages(colcon_meta) discover
[2.200s] Level 1:colcon.colcon_core.package_discovery:discover_packages(recursive) discover
[2.200s] INFO:colcon.colcon_core.package_discovery:Crawling recursively for packages in '/home/user/ros2_ws'
[2.200s] Level 1:colcon.colcon_core.package_identification:_identify(.) by extensions ['ignore', 'ignore_ament_install']
[2.200s] Level 1:colcon.colcon_core.package_identification:_identify(.) by extension 'ignore'
[2.200s] Level 1:colcon.colcon_core.package_identification:_identify(.) by extension 'ignore_ament_install'
[2.201s] Level 1:colcon.colcon_core.package_identification:_identify(.) by extensions ['colcon_pkg']
[2.201s] Level 1:colcon.colcon_core.package_identification:_identify(.) by extension 'colcon_pkg'
[2.201s] Level 1:colcon.colcon_core.package_identification:_identify(.) by extensions ['colcon_meta']
[2.201s] Level 1:colcon.colcon_core.package_identification:_identify(.) by extension 'colcon_meta'
[2.201s] Level 1:colcon.colcon_core.package_identification:_identify(.) by extensions ['ament_cargo']
[2.201s] Level 1:colcon.colcon_core.package_identification:_identify(.) by extension 'ament_cargo'
[2.202s] Level 1:colcon.colcon_core.package_identification:_identify(.) by extensions ['ros']
[2.202s] Level 1:colcon.colcon_core.package_identification:_identify(.) by extension 'ros'
[2.222s] Level 1:colcon.colcon_core.package_identification:_identify(.) by extensions ['cargo', 'cmake', 'python']
[2.223s] Level 1:colcon.colcon_core.package_identification:_identify(.) by extension 'cargo'
[2.223s] Level 1:colcon.colcon_core.package_identification:_identify(.) by extension 'cmake'
[2.223s] Level 1:colcon.colcon_core.package_identification:_identify(.) by extension 'python'
[2.223s] Level 1:colcon.colcon_core.package_identification:_identify(.) by extensions ['python_setup_py']
[2.223s] Level 1:colcon.colcon_core.package_identification:_identify(.) by extension 'python_setup_py'
[2.223s] Level 1:colcon.colcon_core.package_identification:_identify(build) by extensions ['ignore', 'ignore_ament_install']
[2.223s] Level 1:colcon.colcon_core.package_identification:_identify(build) by extension 'ignore'
[2.223s] Level 1:colcon.colcon_core.package_identification:_identify(build) ignored
[2.223s] Level 1:colcon.colcon_core.package_identification:_identify(install) by extensions ['ignore', 'ignore_ament_install']
[2.223s] Level 1:colcon.colcon_core.package_identification:_identify(install) by extension 'ignore'
[2.224s] Level 1:colcon.colcon_core.package_identification:_identify(install) ignored
[2.224s] Level 1:colcon.colcon_core.package_identification:_identify(log) by extensions ['ignore', 'ignore_ament_install']
[2.224s] Level 1:colcon.colcon_core.package_identification:_identify(log) by extension 'ignore'
[2.224s] Level 1:colcon.colcon_core.package_identification:_identify(log) ignored
[2.224s] Level 1:colcon.colcon_core.package_identification:_identify(src) by extensions ['ignore', 'ignore_ament_install']
[2.224s] Level 1:colcon.colcon_core.package_identification:_identify(src) by extension 'ignore'
[2.224s] Level 1:colcon.colcon_core.package_identification:_identify(src) by extension 'ignore_ament_install'
[2.224s] Level 1:colcon.colcon_core.package_identification:_identify(src) by extensions ['colcon_pkg']
[2.224s] Level 1:colcon.colcon_core.package_identification:_identify(src) by extension 'colcon_pkg'
[2.224s] Level 1:colcon.colcon_core.package_identification:_identify(src) by extensions ['colcon_meta']
[2.224s] Level 1:colcon.colcon_core.package_identification:_identify(src) by extension 'colcon_meta'
[2.224s] Level 1:colcon.colcon_core.package_identification:_identify(src) by extensions ['ament_cargo']
[2.224s] Level 1:colcon.colcon_core.package_identification:_identify(src) by extension 'ament_cargo'
[2.225s] Level 1:colcon.colcon_core.package_identification:_identify(src) by extensions ['ros']
[2.225s] Level 1:colcon.colcon_core.package_identification:_identify(src) by extension 'ros'
[2.225s] Level 1:colcon.colcon_core.package_identification:_identify(src) by extensions ['cargo', 'cmake', 'python']
[2.225s] Level 1:colcon.colcon_core.package_identification:_identify(src) by extension 'cargo'
[2.225s] Level 1:colcon.colcon_core.package_identification:_identify(src) by extension 'cmake'
[2.225s] Level 1:colcon.colcon_core.package_identification:_identify(src) by extension 'python'
[2.225s] Level 1:colcon.colcon_core.package_identification:_identify(src) by extensions ['python_setup_py']
[2.225s] Level 1:colcon.colcon_core.package_identification:_identify(src) by extension 'python_setup_py'
[2.225s] Level 1:colcon.colcon_core.package_identification:_identify(src/line_navigation) by extensions ['ignore', 'ignore_ament_install']
[2.225s] Level 1:colcon.colcon_core.package_identification:_identify(src/line_navigation) by extension 'ignore'
[2.225s] Level 1:colcon.colcon_core.package_identification:_identify(src/line_navigation) by extension 'ignore_ament_install'
[2.226s] Level 1:colcon.colcon_core.package_identification:_identify(src/line_navigation) by extensions ['colcon_pkg']
[2.226s] Level 1:colcon.colcon_core.package_identification:_identify(src/line_navigation) by extension 'colcon_pkg'
[2.226s] Level 1:colcon.colcon_core.package_identification:_identify(src/line_navigation) by extensions ['colcon_meta']
[2.226s] Level 1:colcon.colcon_core.package_identification:_identify(src/line_navigation) by extension 'colcon_meta'
[2.226s] Level 1:colcon.colcon_core.package_identification:_identify(src/line_navigation) by extensions ['ament_cargo']
[2.226s] Level 1:colcon.colcon_core.package_identification:_identify(src/line_navigation) by extension 'ament_cargo'
[2.226s] Level 1:colcon.colcon_core.package_identification:_identify(src/line_navigation) by extensions ['ros']
[2.226s] Level 1:colcon.colcon_core.package_identification:_identify(src/line_navigation) by extension 'ros'
[2.297s] DEBUG:colcon.colcon_core.package_identification:Package 'src/line_navigation' with type 'ros.ament_python' and name 'line_navigation'
[2.298s] Level 1:colcon.colcon_core.package_discovery:discover_packages(recursive) using defaults
[2.298s] Level 1:colcon.colcon_core.package_discovery:discover_packages(ignore) discover
[2.298s] Level 1:colcon.colcon_core.package_discovery:discover_packages(ignore) using defaults
[2.298s] Level 1:colcon.colcon_core.package_discovery:discover_packages(path) discover
[2.298s] Level 1:colcon.colcon_core.package_discovery:discover_packages(path) using defaults
[2.336s] Level 5:colcon.colcon_core.verb:set package 'line_navigation' build argument 'lookup_in_workspace' from command line to 'False'
[2.336s] Level 5:colcon.colcon_core.verb:set package 'line_navigation' build argument 'cargo_args' from command line to 'None'
[2.336s] Level 5:colcon.colcon_core.verb:set package 'line_navigation' build argument 'clean_build' from command line to 'False'
[2.336s] Level 5:colcon.colcon_core.verb:set package 'line_navigation' build argument 'cmake_args' from command line to 'None'
[2.336s] Level 5:colcon.colcon_core.verb:set package 'line_navigation' build argument 'cmake_target' from command line to 'None'
[2.336s] Level 5:colcon.colcon_core.verb:set package 'line_navigation' build argument 'cmake_target_skip_unavailable' from command line to 'False'
[2.337s] Level 5:colcon.colcon_core.verb:set package 'line_navigation' build argument 'cmake_clean_cache' from command line to 'False'
[2.337s] Level 5:colcon.colcon_core.verb:set package 'line_navigation' build argument 'cmake_clean_first' from command line to 'False'
[2.337s] Level 5:colcon.colcon_core.verb:set package 'line_navigation' build argument 'cmake_force_configure' from command line to 'False'
[2.337s] Level 5:colcon.colcon_core.verb:set package 'line_navigation' build argument 'ament_cmake_args' from command line to 'None'
[2.337s] Level 5:colcon.colcon_core.verb:set package 'line_navigation' build argument 'catkin_cmake_args' from command line to 'None'
[2.337s] Level 5:colcon.colcon_core.verb:set package 'line_navigation' build argument 'catkin_skip_building_tests' from command line to 'False'
[2.337s] DEBUG:colcon.colcon_core.verb:Building package 'line_navigation' with the following arguments: {'ament_cmake_args': None, 'build_base': '/home/user/ros2_ws/build/line_navigation', 'cargo_args': None, 'catkin_cmake_args': None, 'catkin_skip_building_tests': False, 'clean_build': False, 'cmake_args': None, 'cmake_clean_cache': False, 'cmake_clean_first': False, 'cmake_force_configure': False, 'cmake_target': None, 'cmake_target_skip_unavailable': False, 'install_base': '/home/user/ros2_ws/install/line_navigation', 'lookup_in_workspace': False, 'merge_install': False, 'path': '/home/user/ros2_ws/src/line_navigation', 'symlink_install': False, 'test_result_base': None}
[2.337s] INFO:colcon.colcon_core.executor:Executing jobs using 'parallel' executor
[2.398s] DEBUG:colcon.colcon_parallel_executor.executor.parallel:run_until_complete
[2.398s] INFO:colcon.colcon_ros.task.ament_python.build:Building ROS package in '/home/user/ros2_ws/src/line_navigation' with build type 'ament_python'
[2.399s] Level 1:colcon.colcon_core.shell:create_environment_hook('line_navigation', 'ament_prefix_path')
[2.412s] INFO:colcon.colcon_core.plugin_system:Skipping extension 'colcon_core.shell.bat': Not used on non-Windows systems
[2.412s] INFO:colcon.colcon_core.shell:Creating environment hook '/home/user/ros2_ws/install/line_navigation/share/line_navigation/hook/ament_prefix_path.ps1'
[2.413s] INFO:colcon.colcon_core.shell:Creating environment descriptor '/home/user/ros2_ws/install/line_navigation/share/line_navigation/hook/ament_prefix_path.dsv'
[2.414s] INFO:colcon.colcon_core.shell:Creating environment hook '/home/user/ros2_ws/install/line_navigation/share/line_navigation/hook/ament_prefix_path.sh'
[2.419s] INFO:colcon.colcon_core.shell:Skip shell extension 'powershell' for command environment: Not usable outside of PowerShell
[2.419s] DEBUG:colcon.colcon_core.shell:Skip shell extension 'dsv' for command environment
[2.423s] WARNING:colcon.colcon_ros.prefix_path.ament:The path '/home/user/ros2_ws/install/line_nagivation' in the environment variable AMENT_PREFIX_PATH doesn't exist
[2.423s] WARNING:colcon.colcon_ros.prefix_path.ament:The path '/home/user/ros2_ws/install/apriltag_ros' in the environment variable AMENT_PREFIX_PATH doesn't exist
[2.423s] WARNING:colcon.colcon_ros.prefix_path.ament:The path '/home/user/ros2_ws/install/apriltag_nagivation' in the environment variable AMENT_PREFIX_PATH doesn't exist
[2.423s] WARNING:colcon.colcon_ros.prefix_path.ament:The path '/home/user/ros2_ws/install/apriltag_msgs' in the environment variable AMENT_PREFIX_PATH doesn't exist
[2.424s] WARNING:colcon.colcon_ros.prefix_path.catkin:The path '/home/user/ros2_ws/install/apriltag_ros' in the environment variable CMAKE_PREFIX_PATH doesn't exist
[2.424s] WARNING:colcon.colcon_ros.prefix_path.catkin:The path '/home/user/ros2_ws/install/apriltag_msgs' in the environment variable CMAKE_PREFIX_PATH doesn't exist
[2.424s] WARNING:colcon.colcon_ros.prefix_path.catkin:The path '/home/user/ros2_ws/install/apriltag' in the environment variable CMAKE_PREFIX_PATH doesn't exist
[5.240s] DEBUG:colcon.colcon_parallel_executor.executor.parallel:closing loop
[5.241s] DEBUG:colcon.colcon_parallel_executor.executor.parallel:loop closed
[5.241s] DEBUG:colcon.colcon_parallel_executor.executor.parallel:run_until_complete finished with 'Command '['/usr/bin/python3', '-c', 'import sys;from contextlib import suppress;exec("with suppress(ImportError):    from setuptools.extern.packaging.specifiers    import SpecifierSet");exec("with suppress(ImportError):    from packaging.specifiers import SpecifierSet");from distutils.core import run_setup;dist = run_setup(    \'setup.py\', script_args=(\'--dry-run\',), stop_after=\'config\');skip_keys = (\'cmdclass\', \'distclass\', \'ext_modules\', \'metadata\');data = {    key: value for key, value in dist.__dict__.items()     if (        not key.startswith(\'_\') and         not callable(value) and         key not in skip_keys and         key not in dist.display_option_names    )};data[\'metadata\'] = {    k: v for k, v in dist.metadata.__dict__.items()     if k not in (\'license_files\', \'provides_extras\')};sys.stdout.buffer.write(repr(data).encode(\'utf-8\'))']' returned non-zero exit status 1.'
[5.241s] DEBUG:colcon.colcon_core.event_reactor:joining thread
[5.309s] INFO:colcon.colcon_core.plugin_system:Skipping extension 'colcon_notification.desktop_notification.notify_send': Could not find 'notify-send'
[5.309s] INFO:colcon.colcon_core.plugin_system:Skipping extension 'colcon_notification.desktop_notification.terminal_notifier': Not used on non-Darwin systems
[5.309s] INFO:colcon.colcon_core.plugin_system:Skipping extension 'colcon_notification.desktop_notification.win32': Not used on non-Windows systems
[5.309s] INFO:colcon.colcon_notification.desktop_notification:Sending desktop notification using 'notify2'
[5.315s] DEBUG:colcon.colcon_notification.desktop_notification.notify2:Failed to initialize notify2: org.freedesktop.DBus.Error.Spawn.ExecFailed: /usr/bin/dbus-launch terminated abnormally without any error message
[5.317s] DEBUG:colcon.colcon_core.event_reactor:joined thread
[5.320s] INFO:colcon.colcon_core.shell:Creating prefix script '/home/user/ros2_ws/install/local_setup.ps1'
[5.321s] INFO:colcon.colcon_core.shell:Creating prefix util module '/home/user/ros2_ws/install/_local_setup_util_ps1.py'
[5.323s] INFO:colcon.colcon_core.shell:Creating prefix chain script '/home/user/ros2_ws/install/setup.ps1'
[5.329s] INFO:colcon.colcon_core.shell:Creating prefix script '/home/user/ros2_ws/install/local_setup.sh'
[5.405s] INFO:colcon.colcon_core.shell:Creating prefix util module '/home/user/ros2_ws/install/_local_setup_util_sh.py'
[5.405s] INFO:colcon.colcon_core.shell:Creating prefix chain script '/home/user/ros2_ws/install/setup.sh'
[5.410s] INFO:colcon.colcon_core.shell:Creating prefix script '/home/user/ros2_ws/install/local_setup.bash'
[5.410s] INFO:colcon.colcon_core.shell:Creating prefix chain script '/home/user/ros2_ws/install/setup.bash'
[5.415s] INFO:colcon.colcon_core.shell:Creating prefix script '/home/user/ros2_ws/install/local_setup.zsh'
[5.416s] INFO:colcon.colcon_core.shell:Creating prefix chain script '/home/user/ros2_ws/install/setup.zsh'
