[2.170s] DEBUG:colcon:Command line arguments: ['/usr/bin/colcon', 'build', '--packages-select', 'line_navigation']
[2.170s] DEBUG:colcon:Parsed command line arguments: Namespace(log_base=None, log_level=None, verb_name='build', build_base='build', install_base='install', merge_install=False, symlink_install=False, test_result_base=None, continue_on_error=False, executor='parallel', parallel_workers=8, event_handlers=None, ignore_user_meta=False, metas=['./colcon.meta'], base_paths=['.'], packages_ignore=None, packages_ignore_regex=None, paths=None, packages_up_to=None, packages_up_to_regex=None, packages_above=None, packages_above_and_dependencies=None, packages_above_depth=None, packages_select_by_dep=None, packages_skip_by_dep=None, packages_skip_up_to=None, packages_select_build_failed=False, packages_skip_build_finished=False, packages_select_test_failures=False, packages_skip_test_passed=False, packages_select=['line_navigation'], packages_skip=None, packages_select_regex=None, packages_skip_regex=None, packages_start=None, packages_end=None, lookup_in_workspace=False, cargo_args=None, clean_build=False, cmake_args=None, cmake_target=None, cmake_target_skip_unavailable=False, cmake_clean_cache=False, cmake_clean_first=False, cmake_force_configure=False, ament_cmake_args=None, catkin_cmake_args=None, catkin_skip_building_tests=False, mixin_files=None, mixin=None, verb_parser=<colcon_mixin.mixin.mixin_argument.MixinArgumentDecorator object at 0x7f5eda84d7b0>, verb_extension=<colcon_core.verb.build.BuildVerb object at 0x7f5edb1dfa90>, main=<bound method BuildVerb.main of <colcon_core.verb.build.BuildVerb object at 0x7f5edb1dfa90>>, mixin_verb=('build',))
[2.289s] Level 1:colcon.colcon_core.package_discovery:discover_packages(colcon_meta) check parameters
[2.290s] Level 1:colcon.colcon_core.package_discovery:discover_packages(recursive) check parameters
[2.290s] Level 1:colcon.colcon_core.package_discovery:discover_packages(ignore) check parameters
[2.290s] Level 1:colcon.colcon_core.package_discovery:discover_packages(path) check parameters
[2.290s] Level 1:colcon.colcon_core.package_discovery:discover_packages(colcon_meta) discover
[2.290s] Level 1:colcon.colcon_core.package_discovery:discover_packages(recursive) discover
[2.290s] INFO:colcon.colcon_core.package_discovery:Crawling recursively for packages in '/home/user/ros2_ws'
[2.290s] Level 1:colcon.colcon_core.package_identification:_identify(.) by extensions ['ignore', 'ignore_ament_install']
[2.290s] Level 1:colcon.colcon_core.package_identification:_identify(.) by extension 'ignore'
[2.290s] Level 1:colcon.colcon_core.package_identification:_identify(.) by extension 'ignore_ament_install'
[2.290s] Level 1:colcon.colcon_core.package_identification:_identify(.) by extensions ['colcon_pkg']
[2.290s] Level 1:colcon.colcon_core.package_identification:_identify(.) by extension 'colcon_pkg'
[2.290s] Level 1:colcon.colcon_core.package_identification:_identify(.) by extensions ['colcon_meta']
[2.290s] Level 1:colcon.colcon_core.package_identification:_identify(.) by extension 'colcon_meta'
[2.290s] Level 1:colcon.colcon_core.package_identification:_identify(.) by extensions ['ament_cargo']
[2.290s] Level 1:colcon.colcon_core.package_identification:_identify(.) by extension 'ament_cargo'
[2.290s] Level 1:colcon.colcon_core.package_identification:_identify(.) by extensions ['ros']
[2.290s] Level 1:colcon.colcon_core.package_identification:_identify(.) by extension 'ros'
[2.383s] Level 1:colcon.colcon_core.package_identification:_identify(.) by extensions ['cargo', 'cmake', 'python']
[2.383s] Level 1:colcon.colcon_core.package_identification:_identify(.) by extension 'cargo'
[2.384s] Level 1:colcon.colcon_core.package_identification:_identify(.) by extension 'cmake'
[2.384s] Level 1:colcon.colcon_core.package_identification:_identify(.) by extension 'python'
[2.384s] Level 1:colcon.colcon_core.package_identification:_identify(.) by extensions ['python_setup_py']
[2.384s] Level 1:colcon.colcon_core.package_identification:_identify(.) by extension 'python_setup_py'
[2.384s] Level 1:colcon.colcon_core.package_identification:_identify(build) by extensions ['ignore', 'ignore_ament_install']
[2.384s] Level 1:colcon.colcon_core.package_identification:_identify(build) by extension 'ignore'
[2.384s] Level 1:colcon.colcon_core.package_identification:_identify(build) ignored
[2.384s] Level 1:colcon.colcon_core.package_identification:_identify(install) by extensions ['ignore', 'ignore_ament_install']
[2.385s] Level 1:colcon.colcon_core.package_identification:_identify(install) by extension 'ignore'
[2.385s] Level 1:colcon.colcon_core.package_identification:_identify(install) ignored
[2.385s] Level 1:colcon.colcon_core.package_identification:_identify(log) by extensions ['ignore', 'ignore_ament_install']
[2.385s] Level 1:colcon.colcon_core.package_identification:_identify(log) by extension 'ignore'
[2.385s] Level 1:colcon.colcon_core.package_identification:_identify(log) ignored
[2.385s] Level 1:colcon.colcon_core.package_identification:_identify(src) by extensions ['ignore', 'ignore_ament_install']
[2.385s] Level 1:colcon.colcon_core.package_identification:_identify(src) by extension 'ignore'
[2.385s] Level 1:colcon.colcon_core.package_identification:_identify(src) by extension 'ignore_ament_install'
[2.385s] Level 1:colcon.colcon_core.package_identification:_identify(src) by extensions ['colcon_pkg']
[2.385s] Level 1:colcon.colcon_core.package_identification:_identify(src) by extension 'colcon_pkg'
[2.385s] Level 1:colcon.colcon_core.package_identification:_identify(src) by extensions ['colcon_meta']
[2.386s] Level 1:colcon.colcon_core.package_identification:_identify(src) by extension 'colcon_meta'
[2.386s] Level 1:colcon.colcon_core.package_identification:_identify(src) by extensions ['ament_cargo']
[2.386s] Level 1:colcon.colcon_core.package_identification:_identify(src) by extension 'ament_cargo'
[2.386s] Level 1:colcon.colcon_core.package_identification:_identify(src) by extensions ['ros']
[2.386s] Level 1:colcon.colcon_core.package_identification:_identify(src) by extension 'ros'
[2.386s] Level 1:colcon.colcon_core.package_identification:_identify(src) by extensions ['cargo', 'cmake', 'python']
[2.386s] Level 1:colcon.colcon_core.package_identification:_identify(src) by extension 'cargo'
[2.386s] Level 1:colcon.colcon_core.package_identification:_identify(src) by extension 'cmake'
[2.386s] Level 1:colcon.colcon_core.package_identification:_identify(src) by extension 'python'
[2.386s] Level 1:colcon.colcon_core.package_identification:_identify(src) by extensions ['python_setup_py']
[2.386s] Level 1:colcon.colcon_core.package_identification:_identify(src) by extension 'python_setup_py'
[2.386s] Level 1:colcon.colcon_core.package_identification:_identify(src/line_navigation) by extensions ['ignore', 'ignore_ament_install']
[2.386s] Level 1:colcon.colcon_core.package_identification:_identify(src/line_navigation) by extension 'ignore'
[2.387s] Level 1:colcon.colcon_core.package_identification:_identify(src/line_navigation) by extension 'ignore_ament_install'
[2.387s] Level 1:colcon.colcon_core.package_identification:_identify(src/line_navigation) by extensions ['colcon_pkg']
[2.387s] Level 1:colcon.colcon_core.package_identification:_identify(src/line_navigation) by extension 'colcon_pkg'
[2.387s] Level 1:colcon.colcon_core.package_identification:_identify(src/line_navigation) by extensions ['colcon_meta']
[2.387s] Level 1:colcon.colcon_core.package_identification:_identify(src/line_navigation) by extension 'colcon_meta'
[2.387s] Level 1:colcon.colcon_core.package_identification:_identify(src/line_navigation) by extensions ['ament_cargo']
[2.387s] Level 1:colcon.colcon_core.package_identification:_identify(src/line_navigation) by extension 'ament_cargo'
[2.387s] Level 1:colcon.colcon_core.package_identification:_identify(src/line_navigation) by extensions ['ros']
[2.387s] Level 1:colcon.colcon_core.package_identification:_identify(src/line_navigation) by extension 'ros'
[2.463s] DEBUG:colcon.colcon_core.package_identification:Package 'src/line_navigation' with type 'ros.ament_python' and name 'line_navigation'
[2.464s] Level 1:colcon.colcon_core.package_discovery:discover_packages(recursive) using defaults
[2.464s] Level 1:colcon.colcon_core.package_discovery:discover_packages(ignore) discover
[2.464s] Level 1:colcon.colcon_core.package_discovery:discover_packages(ignore) using defaults
[2.464s] Level 1:colcon.colcon_core.package_discovery:discover_packages(path) discover
[2.464s] Level 1:colcon.colcon_core.package_discovery:discover_packages(path) using defaults
[2.569s] Level 5:colcon.colcon_core.verb:set package 'line_navigation' build argument 'lookup_in_workspace' from command line to 'False'
[2.569s] Level 5:colcon.colcon_core.verb:set package 'line_navigation' build argument 'cargo_args' from command line to 'None'
[2.569s] Level 5:colcon.colcon_core.verb:set package 'line_navigation' build argument 'clean_build' from command line to 'False'
[2.569s] Level 5:colcon.colcon_core.verb:set package 'line_navigation' build argument 'cmake_args' from command line to 'None'
[2.569s] Level 5:colcon.colcon_core.verb:set package 'line_navigation' build argument 'cmake_target' from command line to 'None'
[2.569s] Level 5:colcon.colcon_core.verb:set package 'line_navigation' build argument 'cmake_target_skip_unavailable' from command line to 'False'
[2.569s] Level 5:colcon.colcon_core.verb:set package 'line_navigation' build argument 'cmake_clean_cache' from command line to 'False'
[2.570s] Level 5:colcon.colcon_core.verb:set package 'line_navigation' build argument 'cmake_clean_first' from command line to 'False'
[2.570s] Level 5:colcon.colcon_core.verb:set package 'line_navigation' build argument 'cmake_force_configure' from command line to 'False'
[2.570s] Level 5:colcon.colcon_core.verb:set package 'line_navigation' build argument 'ament_cmake_args' from command line to 'None'
[2.570s] Level 5:colcon.colcon_core.verb:set package 'line_navigation' build argument 'catkin_cmake_args' from command line to 'None'
[2.570s] Level 5:colcon.colcon_core.verb:set package 'line_navigation' build argument 'catkin_skip_building_tests' from command line to 'False'
[2.570s] DEBUG:colcon.colcon_core.verb:Building package 'line_navigation' with the following arguments: {'ament_cmake_args': None, 'build_base': '/home/user/ros2_ws/build/line_navigation', 'cargo_args': None, 'catkin_cmake_args': None, 'catkin_skip_building_tests': False, 'clean_build': False, 'cmake_args': None, 'cmake_clean_cache': False, 'cmake_clean_first': False, 'cmake_force_configure': False, 'cmake_target': None, 'cmake_target_skip_unavailable': False, 'install_base': '/home/user/ros2_ws/install/line_navigation', 'lookup_in_workspace': False, 'merge_install': False, 'path': '/home/user/ros2_ws/src/line_navigation', 'symlink_install': False, 'test_result_base': None}
[2.571s] INFO:colcon.colcon_core.executor:Executing jobs using 'parallel' executor
[2.580s] DEBUG:colcon.colcon_parallel_executor.executor.parallel:run_until_complete
[2.580s] INFO:colcon.colcon_ros.task.ament_python.build:Building ROS package in '/home/user/ros2_ws/src/line_navigation' with build type 'ament_python'
[2.580s] Level 1:colcon.colcon_core.shell:create_environment_hook('line_navigation', 'ament_prefix_path')
[2.586s] INFO:colcon.colcon_core.plugin_system:Skipping extension 'colcon_core.shell.bat': Not used on non-Windows systems
[2.586s] INFO:colcon.colcon_core.shell:Creating environment hook '/home/user/ros2_ws/install/line_navigation/share/line_navigation/hook/ament_prefix_path.ps1'
[2.587s] INFO:colcon.colcon_core.shell:Creating environment descriptor '/home/user/ros2_ws/install/line_navigation/share/line_navigation/hook/ament_prefix_path.dsv'
[2.588s] INFO:colcon.colcon_core.shell:Creating environment hook '/home/user/ros2_ws/install/line_navigation/share/line_navigation/hook/ament_prefix_path.sh'
[2.594s] INFO:colcon.colcon_core.shell:Skip shell extension 'powershell' for command environment: Not usable outside of PowerShell
[2.594s] DEBUG:colcon.colcon_core.shell:Skip shell extension 'dsv' for command environment
[2.598s] WARNING:colcon.colcon_ros.prefix_path.ament:The path '/home/user/ros2_ws/install/line_nagivation' in the environment variable AMENT_PREFIX_PATH doesn't exist
[2.598s] WARNING:colcon.colcon_ros.prefix_path.ament:The path '/home/user/ros2_ws/install/apriltag_ros' in the environment variable AMENT_PREFIX_PATH doesn't exist
[2.598s] WARNING:colcon.colcon_ros.prefix_path.ament:The path '/home/user/ros2_ws/install/apriltag_nagivation' in the environment variable AMENT_PREFIX_PATH doesn't exist
[2.598s] WARNING:colcon.colcon_ros.prefix_path.ament:The path '/home/user/ros2_ws/install/apriltag_msgs' in the environment variable AMENT_PREFIX_PATH doesn't exist
[2.598s] WARNING:colcon.colcon_ros.prefix_path.catkin:The path '/home/user/ros2_ws/install/apriltag_ros' in the environment variable CMAKE_PREFIX_PATH doesn't exist
[2.598s] WARNING:colcon.colcon_ros.prefix_path.catkin:The path '/home/user/ros2_ws/install/apriltag_msgs' in the environment variable CMAKE_PREFIX_PATH doesn't exist
[2.598s] WARNING:colcon.colcon_ros.prefix_path.catkin:The path '/home/user/ros2_ws/install/apriltag' in the environment variable CMAKE_PREFIX_PATH doesn't exist
[4.089s] INFO:colcon.colcon_core.task.python.build:Building Python package in '/home/user/ros2_ws/src/line_navigation'
[4.091s] INFO:colcon.colcon_core.shell:Skip shell extension 'powershell' for command environment: Not usable outside of PowerShell
[4.091s] DEBUG:colcon.colcon_core.shell:Skip shell extension 'dsv' for command environment
[6.083s] DEBUG:colcon.colcon_core.event_handler.log_command:Invoking command in '/home/user/ros2_ws/src/line_navigation': PYTHONPATH=/home/user/ros2_ws/build/line_navigation/prefix_override:/home/user/ros2_ws/install/line_navigation/lib/python3.10/site-packages:${PYTHONPATH} _=/usr/bin/env /usr/bin/python3 setup.py egg_info --egg-base ../../build/line_navigation build --build-base /home/user/ros2_ws/build/line_navigation/build install --record /home/user/ros2_ws/build/line_navigation/install.log --single-version-externally-managed
[7.761s] Level 1:colcon.colcon_core.environment:checking '/home/user/ros2_ws/install/line_navigation' for CMake module files
[7.762s] DEBUG:colcon.colcon_core.event_handler.log_command:Invoked command in '/home/user/ros2_ws/src/line_navigation' returned '0': PYTHONPATH=/home/user/ros2_ws/build/line_navigation/prefix_override:/home/user/ros2_ws/install/line_navigation/lib/python3.10/site-packages:${PYTHONPATH} _=/usr/bin/env /usr/bin/python3 setup.py egg_info --egg-base ../../build/line_navigation build --build-base /home/user/ros2_ws/build/line_navigation/build install --record /home/user/ros2_ws/build/line_navigation/install.log --single-version-externally-managed
[7.764s] Level 1:colcon.colcon_core.environment:checking '/home/user/ros2_ws/install/line_navigation' for CMake config files
[7.765s] Level 1:colcon.colcon_core.environment:checking '/home/user/ros2_ws/install/line_navigation/lib'
[7.765s] Level 1:colcon.colcon_core.environment:checking '/home/user/ros2_ws/install/line_navigation/bin'
[7.765s] Level 1:colcon.colcon_core.environment:checking '/home/user/ros2_ws/install/line_navigation/lib/pkgconfig/line_navigation.pc'
[7.766s] Level 1:colcon.colcon_core.environment:checking '/home/user/ros2_ws/install/line_navigation/lib/python3.10/site-packages'
[7.766s] Level 1:colcon.colcon_core.shell:create_environment_hook('line_navigation', 'pythonpath')
[7.768s] INFO:colcon.colcon_core.shell:Creating environment hook '/home/user/ros2_ws/install/line_navigation/share/line_navigation/hook/pythonpath.ps1'
[7.768s] INFO:colcon.colcon_core.shell:Creating environment descriptor '/home/user/ros2_ws/install/line_navigation/share/line_navigation/hook/pythonpath.dsv'
[7.769s] INFO:colcon.colcon_core.shell:Creating environment hook '/home/user/ros2_ws/install/line_navigation/share/line_navigation/hook/pythonpath.sh'
[7.770s] Level 1:colcon.colcon_core.environment:checking '/home/user/ros2_ws/install/line_navigation/bin'
[7.770s] Level 1:colcon.colcon_core.environment:create_environment_scripts_only(line_navigation)
[7.773s] INFO:colcon.colcon_core.shell:Creating package script '/home/user/ros2_ws/install/line_navigation/share/line_navigation/package.ps1'
[7.774s] INFO:colcon.colcon_core.shell:Creating package descriptor '/home/user/ros2_ws/install/line_navigation/share/line_navigation/package.dsv'
[7.775s] INFO:colcon.colcon_core.shell:Creating package script '/home/user/ros2_ws/install/line_navigation/share/line_navigation/package.sh'
[7.776s] INFO:colcon.colcon_core.shell:Creating package script '/home/user/ros2_ws/install/line_navigation/share/line_navigation/package.bash'
[7.777s] INFO:colcon.colcon_core.shell:Creating package script '/home/user/ros2_ws/install/line_navigation/share/line_navigation/package.zsh'
[7.778s] Level 1:colcon.colcon_core.environment:create_file_with_runtime_dependencies(/home/user/ros2_ws/install/line_navigation/share/colcon-core/packages/line_navigation)
[7.778s] DEBUG:colcon.colcon_parallel_executor.executor.parallel:closing loop
[7.779s] DEBUG:colcon.colcon_parallel_executor.executor.parallel:loop closed
[7.779s] DEBUG:colcon.colcon_parallel_executor.executor.parallel:run_until_complete finished with '0'
[7.779s] DEBUG:colcon.colcon_core.event_reactor:joining thread
[7.787s] INFO:colcon.colcon_core.plugin_system:Skipping extension 'colcon_notification.desktop_notification.notify_send': Could not find 'notify-send'
[7.788s] INFO:colcon.colcon_core.plugin_system:Skipping extension 'colcon_notification.desktop_notification.terminal_notifier': Not used on non-Darwin systems
[7.788s] INFO:colcon.colcon_core.plugin_system:Skipping extension 'colcon_notification.desktop_notification.win32': Not used on non-Windows systems
[7.788s] INFO:colcon.colcon_notification.desktop_notification:Sending desktop notification using 'notify2'
[7.792s] DEBUG:colcon.colcon_notification.desktop_notification.notify2:Failed to initialize notify2: org.freedesktop.DBus.Error.Spawn.ExecFailed: /usr/bin/dbus-launch terminated abnormally without any error message
[7.793s] DEBUG:colcon.colcon_core.event_reactor:joined thread
[7.795s] INFO:colcon.colcon_core.shell:Creating prefix script '/home/user/ros2_ws/install/local_setup.ps1'
[7.861s] INFO:colcon.colcon_core.shell:Creating prefix util module '/home/user/ros2_ws/install/_local_setup_util_ps1.py'
[7.864s] INFO:colcon.colcon_core.shell:Creating prefix chain script '/home/user/ros2_ws/install/setup.ps1'
[7.870s] INFO:colcon.colcon_core.shell:Creating prefix script '/home/user/ros2_ws/install/local_setup.sh'
[7.871s] INFO:colcon.colcon_core.shell:Creating prefix util module '/home/user/ros2_ws/install/_local_setup_util_sh.py'
[7.871s] INFO:colcon.colcon_core.shell:Creating prefix chain script '/home/user/ros2_ws/install/setup.sh'
[7.875s] INFO:colcon.colcon_core.shell:Creating prefix script '/home/user/ros2_ws/install/local_setup.bash'
[7.876s] INFO:colcon.colcon_core.shell:Creating prefix chain script '/home/user/ros2_ws/install/setup.bash'
[7.881s] INFO:colcon.colcon_core.shell:Creating prefix script '/home/user/ros2_ws/install/local_setup.zsh'
[7.881s] INFO:colcon.colcon_core.shell:Creating prefix chain script '/home/user/ros2_ws/install/setup.zsh'
