running egg_info
writing ../../build/line_navigation/line_navigation.egg-info/PKG-INFO
writing dependency_links to ../../build/line_navigation/line_navigation.egg-info/dependency_links.txt
writing entry points to ../../build/line_navigation/line_navigation.egg-info/entry_points.txt
writing requirements to ../../build/line_navigation/line_navigation.egg-info/requires.txt
writing top-level names to ../../build/line_navigation/line_navigation.egg-info/top_level.txt
reading manifest file '../../build/line_navigation/line_navigation.egg-info/SOURCES.txt'
writing manifest file '../../build/line_navigation/line_navigation.egg-info/SOURCES.txt'
running build
running build_py
copying line_navigation/line_navigation.py -> /home/user/ros2_ws/build/line_navigation/build/lib/line_navigation
running install
/usr/lib/python3/dist-packages/setuptools/command/install.py:34: SetuptoolsDeprecationWarning: setup.py install is deprecated. Use build and pip and other standards-based tools.
  warnings.warn(
running install_lib
copying /home/user/ros2_ws/build/line_navigation/build/lib/line_navigation/line_navigation.py -> /home/user/ros2_ws/install/line_navigation/lib/python3.10/site-packages/line_navigation
byte-compiling /home/user/ros2_ws/install/line_navigation/lib/python3.10/site-packages/line_navigation/line_navigation.py to line_navigation.cpython-310.pyc
running install_data
running install_egg_info
removing '/home/user/ros2_ws/install/line_navigation/lib/python3.10/site-packages/line_navigation-0.0.0-py3.10.egg-info' (and everything under it)
Copying ../../build/line_navigation/line_navigation.egg-info to /home/user/ros2_ws/install/line_navigation/lib/python3.10/site-packages/line_navigation-0.0.0-py3.10.egg-info
running install_scripts
Installing line_navigation_node script to /home/user/ros2_ws/install/line_navigation/lib/line_navigation
writing list of installed files to '/home/user/ros2_ws/build/line_navigation/install.log'
